c:\users\tiki\desktop\school\prog\tp2\tp2contristan\tp2\debug\vc120.pdb
c:\users\tiki\desktop\school\prog\tp2\tp2contristan\tp2\debug\vc120.idb
c:\users\tiki\desktop\school\prog\tp2\tp2contristan\tp2\debug\birdenemy.obj
c:\users\tiki\desktop\school\prog\tp2\tp2contristan\tp2\debug\character.obj
c:\users\tiki\desktop\school\prog\tp2\tp2contristan\tp2\debug\collectible.obj
c:\users\tiki\desktop\school\prog\tp2\tp2contristan\tp2\debug\enemy.obj
c:\users\tiki\desktop\school\prog\tp2\tp2contristan\tp2\debug\fatmanenemy.obj
c:\users\tiki\desktop\school\prog\tp2\tp2contristan\tp2\debug\game.obj
c:\users\tiki\desktop\school\prog\tp2\tp2contristan\tp2\debug\gamelevel.obj
c:\users\tiki\desktop\school\prog\tp2\tp2contristan\tp2\debug\hero.obj
c:\users\tiki\desktop\school\prog\tp2\tp2contristan\tp2\debug\main.obj
c:\users\tiki\desktop\school\prog\tp2\tp2contristan\tp2\debug\moutaindew.obj
c:\users\tiki\desktop\school\prog\tp2\tp2contristan\tp2\debug\plateform.obj
c:\users\tiki\desktop\school\prog\tp2\tp2contristan\tp2\debug\score.obj
c:\users\tiki\desktop\school\prog\tp2\tp2contristan\tp2\debug\snailenemy.obj
c:\users\tiki\desktop\school\prog\tp2\tp2contristan\tp2\debug\spawner.obj
c:\users\tiki\desktop\school\prog\tp2\tp2contristan\tp2\debug\standartplateforme.obj
c:\users\tiki\desktop\school\prog\tp2\tp2contristan\tp2\debug\staticobject.obj
c:\users\tiki\desktop\school\prog\tp2\tp2contristan\tp2\debug\texturemanager.obj
c:\users\tiki\desktop\school\prog\tp2\tp2contristan\debug\tp2.ilk
c:\users\tiki\desktop\school\prog\tp2\tp2contristan\debug\tp2.exe
c:\users\tiki\desktop\school\prog\tp2\tp2contristan\debug\tp2.pdb
c:\users\tiki\desktop\school\prog\tp2\tp2contristan\tp2\debug\tp2.tlog\cl.command.1.tlog
c:\users\tiki\desktop\school\prog\tp2\tp2contristan\tp2\debug\tp2.tlog\cl.read.1.tlog
c:\users\tiki\desktop\school\prog\tp2\tp2contristan\tp2\debug\tp2.tlog\cl.write.1.tlog
c:\users\tiki\desktop\school\prog\tp2\tp2contristan\tp2\debug\tp2.tlog\link.command.1.tlog
c:\users\tiki\desktop\school\prog\tp2\tp2contristan\tp2\debug\tp2.tlog\link.read.1.tlog
c:\users\tiki\desktop\school\prog\tp2\tp2contristan\tp2\debug\tp2.tlog\link.write.1.tlog
